#! /usr/bin/vvp
:ivl_version "10.3 (stable)";
:ivl_delay_selection "TYPICAL";
:vpi_time_precision + 0;
:vpi_module "system";
:vpi_module "vhdl_sys";
:vpi_module "v2005_math";
:vpi_module "va_math";
S_0x55768ceb7db0 .scope module, "testebrench" "testebrench" 2 27;
 .timescale 0 0;
v0x55768ced1940_0 .var "clk0", 0 0;
v0x55768ced1a00_0 .var "ent0", 0 0;
v0x55768ced1aa0_0 .var "rst0", 0 0;
v0x55768ced1ba0_0 .net "y0", 0 0, L_0x55768ced25a0;  1 drivers
S_0x55768ceb7f30 .scope module, "analise0" "analise" 2 33, 2 1 0, S_0x55768ceb7db0;
 .timescale 0 0;
    .port_info 0 /INPUT 1 "rst"
    .port_info 1 /INPUT 1 "clk"
    .port_info 2 /INPUT 1 "ent"
    .port_info 3 /OUTPUT 1 "y"
L_0x55768ced1c70 .functor XOR 1, v0x55768ced1a00_0, v0x55768ced0c30_0, C4<0>, C4<0>;
L_0x55768ced1d10 .functor NOT 1, v0x55768ced1a00_0, C4<0>, C4<0>, C4<0>;
L_0x55768ced1db0 .functor AND 1, L_0x55768ced1d10, v0x55768ced0cd0_0, C4<1>, C4<1>;
L_0x55768ced1ea0 .functor AND 1, v0x55768ced1a00_0, v0x55768ced0c30_0, C4<1>, C4<1>;
L_0x55768ced1f70 .functor NOT 1, v0x55768ced0cd0_0, C4<0>, C4<0>, C4<0>;
L_0x55768ced2030 .functor AND 1, L_0x55768ced1ea0, L_0x55768ced1f70, C4<1>, C4<1>;
L_0x55768ced2220 .functor NOT 1, v0x55768ced0c30_0, C4<0>, C4<0>, C4<0>;
L_0x55768ced2330 .functor AND 1, v0x55768ced1a00_0, L_0x55768ced2220, C4<1>, C4<1>;
L_0x55768ced2440 .functor AND 1, L_0x55768ced2330, v0x55768ced0cd0_0, C4<1>, C4<1>;
L_0x55768ced25a0 .functor AND 1, v0x55768ced0c30_0, v0x55768ced0cd0_0, C4<1>, C4<1>;
v0x55768ce80030_0 .net "D0", 0 0, L_0x55768ced1c70;  1 drivers
v0x55768ced0b70_0 .net "D1", 0 0, L_0x55768ced2500;  1 drivers
v0x55768ced0c30_0 .var "Q0", 0 0;
v0x55768ced0cd0_0 .var "Q1", 0 0;
v0x55768ced0d90_0 .net *"_s10", 0 0, L_0x55768ced2030;  1 drivers
v0x55768ced0ec0_0 .net *"_s12", 0 0, L_0x55768ced2180;  1 drivers
v0x55768ced0fa0_0 .net *"_s14", 0 0, L_0x55768ced2220;  1 drivers
v0x55768ced1080_0 .net *"_s16", 0 0, L_0x55768ced2330;  1 drivers
v0x55768ced1160_0 .net *"_s18", 0 0, L_0x55768ced2440;  1 drivers
v0x55768ced1240_0 .net *"_s2", 0 0, L_0x55768ced1d10;  1 drivers
v0x55768ced1320_0 .net *"_s4", 0 0, L_0x55768ced1db0;  1 drivers
v0x55768ced1400_0 .net *"_s6", 0 0, L_0x55768ced1ea0;  1 drivers
v0x55768ced14e0_0 .net *"_s8", 0 0, L_0x55768ced1f70;  1 drivers
v0x55768ced15c0_0 .net "clk", 0 0, v0x55768ced1940_0;  1 drivers
v0x55768ced1680_0 .net "ent", 0 0, v0x55768ced1a00_0;  1 drivers
v0x55768ced1740_0 .net "rst", 0 0, v0x55768ced1aa0_0;  1 drivers
v0x55768ced1800_0 .net "y", 0 0, L_0x55768ced25a0;  alias, 1 drivers
E_0x55768ce80890/0 .event edge, v0x55768ced1740_0;
E_0x55768ce80890/1 .event posedge, v0x55768ced15c0_0;
E_0x55768ce80890 .event/or E_0x55768ce80890/0, E_0x55768ce80890/1;
L_0x55768ced2180 .arith/sum 1, L_0x55768ced1db0, L_0x55768ced2030;
L_0x55768ced2500 .arith/sum 1, L_0x55768ced2180, L_0x55768ced2440;
    .scope S_0x55768ceb7f30;
T_0 ;
    %wait E_0x55768ce80890;
    %load/vec4 v0x55768ced1740_0;
    %pad/u 32;
    %cmpi/e 1, 0, 32;
    %jmp/0xz  T_0.0, 4;
    %pushi/vec4 0, 0, 1;
    %assign/vec4 v0x55768ced0c30_0, 0;
    %pushi/vec4 0, 0, 1;
    %assign/vec4 v0x55768ced0cd0_0, 0;
    %jmp T_0.1;
T_0.0 ;
    %load/vec4 v0x55768ce80030_0;
    %store/vec4 v0x55768ced0c30_0, 0, 1;
    %load/vec4 v0x55768ced0b70_0;
    %store/vec4 v0x55768ced0cd0_0, 0, 1;
T_0.1 ;
    %jmp T_0;
    .thread T_0;
    .scope S_0x55768ceb7db0;
T_1 ;
    %pushi/vec4 0, 0, 1;
    %store/vec4 v0x55768ced1a00_0, 0, 1;
    %pushi/vec4 0, 0, 1;
    %store/vec4 v0x55768ced1aa0_0, 0, 1;
    %pushi/vec4 0, 0, 1;
    %store/vec4 v0x55768ced1940_0, 0, 1;
    %end;
    .thread T_1;
    .scope S_0x55768ceb7db0;
T_2 ;
    %vpi_call 2 36 "$dumpvars" {0 0 0};
    %delay 1, 0;
    %pushi/vec4 1, 0, 1;
    %assign/vec4 v0x55768ced1aa0_0, 0;
    %delay 1, 0;
    %pushi/vec4 0, 0, 1;
    %assign/vec4 v0x55768ced1aa0_0, 0;
    %delay 1, 0;
    %pushi/vec4 1, 0, 1;
    %assign/vec4 v0x55768ced1a00_0, 0;
    %pushi/vec4 0, 0, 1;
    %assign/vec4 v0x55768ced1940_0, 0;
    %delay 1, 0;
    %pushi/vec4 1, 0, 1;
    %assign/vec4 v0x55768ced1a00_0, 0;
    %pushi/vec4 1, 0, 1;
    %assign/vec4 v0x55768ced1940_0, 0;
    %delay 1, 0;
    %pushi/vec4 1, 0, 1;
    %assign/vec4 v0x55768ced1a00_0, 0;
    %pushi/vec4 0, 0, 1;
    %assign/vec4 v0x55768ced1940_0, 0;
    %delay 2, 0;
    %pushi/vec4 1, 0, 1;
    %assign/vec4 v0x55768ced1a00_0, 0;
    %pushi/vec4 1, 0, 1;
    %assign/vec4 v0x55768ced1940_0, 0;
    %delay 1, 0;
    %pushi/vec4 1, 0, 1;
    %assign/vec4 v0x55768ced1a00_0, 0;
    %pushi/vec4 0, 0, 1;
    %assign/vec4 v0x55768ced1940_0, 0;
    %delay 2, 0;
    %pushi/vec4 1, 0, 1;
    %assign/vec4 v0x55768ced1a00_0, 0;
    %pushi/vec4 1, 0, 1;
    %assign/vec4 v0x55768ced1940_0, 0;
    %delay 1, 0;
    %pushi/vec4 0, 0, 1;
    %assign/vec4 v0x55768ced1a00_0, 0;
    %pushi/vec4 1, 0, 1;
    %assign/vec4 v0x55768ced1940_0, 0;
    %delay 2, 0;
    %pushi/vec4 1, 0, 1;
    %assign/vec4 v0x55768ced1a00_0, 0;
    %pushi/vec4 1, 0, 1;
    %assign/vec4 v0x55768ced1940_0, 0;
    %delay 1, 0;
    %pushi/vec4 1, 0, 1;
    %assign/vec4 v0x55768ced1a00_0, 0;
    %pushi/vec4 0, 0, 1;
    %assign/vec4 v0x55768ced1940_0, 0;
    %delay 2, 0;
    %pushi/vec4 1, 0, 1;
    %assign/vec4 v0x55768ced1a00_0, 0;
    %pushi/vec4 1, 0, 1;
    %assign/vec4 v0x55768ced1940_0, 0;
    %delay 1, 0;
    %pushi/vec4 1, 0, 1;
    %assign/vec4 v0x55768ced1a00_0, 0;
    %pushi/vec4 0, 0, 1;
    %assign/vec4 v0x55768ced1940_0, 0;
    %delay 1, 0;
    %pushi/vec4 0, 0, 1;
    %assign/vec4 v0x55768ced1a00_0, 0;
    %pushi/vec4 0, 0, 1;
    %assign/vec4 v0x55768ced1940_0, 0;
    %delay 1, 0;
    %pushi/vec4 0, 0, 1;
    %assign/vec4 v0x55768ced1a00_0, 0;
    %pushi/vec4 1, 0, 1;
    %assign/vec4 v0x55768ced1940_0, 0;
    %delay 1, 0;
    %pushi/vec4 0, 0, 1;
    %assign/vec4 v0x55768ced1940_0, 0;
    %delay 1, 0;
    %vpi_call 2 83 "$finish" {0 0 0};
    %end;
    .thread T_2;
# The file index is used to find the file name in the following table.
:file_names 3;
    "N/A";
    "<interactive>";
    "analise.v";
